Determining if the pthread_create exist failed with the following output:
Change Dir: /home/hanbaek/ros_ws/build/CMakeFiles/CMakeTmp

Run Build Command:"/usr/bin/make" "cmTC_79516/fast"
/usr/bin/make -f CMakeFiles/cmTC_79516.dir/build.make CMakeFiles/cmTC_79516.dir/build
make[1]: Entering directory '/home/hanbaek/ros_ws/build/CMakeFiles/CMakeTmp'
Building C object CMakeFiles/cmTC_79516.dir/CheckSymbolExists.c.o
/usr/bin/cc    -o CMakeFiles/cmTC_79516.dir/CheckSymbolExists.c.o   -c /home/hanbaek/ros_ws/build/CMakeFiles/CMakeTmp/CheckSymbolExists.c
Linking C executable cmTC_79516
/usr/bin/cmake -E cmake_link_script CMakeFiles/cmTC_79516.dir/link.txt --verbose=1
/usr/bin/cc      -rdynamic CMakeFiles/cmTC_79516.dir/CheckSymbolExists.c.o  -o cmTC_79516 
CMakeFiles/cmTC_79516.dir/CheckSymbolExists.c.o: In function `main':
CheckSymbolExists.c:(.text+0x1b): undefined reference to `pthread_create'
collect2: error: ld returned 1 exit status
CMakeFiles/cmTC_79516.dir/build.make:97: recipe for target 'cmTC_79516' failed
make[1]: *** [cmTC_79516] Error 1
make[1]: Leaving directory '/home/hanbaek/ros_ws/build/CMakeFiles/CMakeTmp'
Makefile:126: recipe for target 'cmTC_79516/fast' failed
make: *** [cmTC_79516/fast] Error 2

File /home/hanbaek/ros_ws/build/CMakeFiles/CMakeTmp/CheckSymbolExists.c:
/* */
#include <pthread.h>

int main(int argc, char** argv)
{
  (void)argv;
#ifndef pthread_create
  return ((int*)(&pthread_create))[argc];
#else
  (void)argc;
  return 0;
#endif
}

Determining if the function pthread_create exists in the pthreads failed with the following output:
Change Dir: /home/hanbaek/ros_ws/build/CMakeFiles/CMakeTmp

Run Build Command:"/usr/bin/make" "cmTC_9d796/fast"
/usr/bin/make -f CMakeFiles/cmTC_9d796.dir/build.make CMakeFiles/cmTC_9d796.dir/build
make[1]: Entering directory '/home/hanbaek/ros_ws/build/CMakeFiles/CMakeTmp'
Building C object CMakeFiles/cmTC_9d796.dir/CheckFunctionExists.c.o
/usr/bin/cc   -DCHECK_FUNCTION_EXISTS=pthread_create   -o CMakeFiles/cmTC_9d796.dir/CheckFunctionExists.c.o   -c /usr/share/cmake-3.10/Modules/CheckFunctionExists.c
Linking C executable cmTC_9d796
/usr/bin/cmake -E cmake_link_script CMakeFiles/cmTC_9d796.dir/link.txt --verbose=1
/usr/bin/cc  -DCHECK_FUNCTION_EXISTS=pthread_create    -rdynamic CMakeFiles/cmTC_9d796.dir/CheckFunctionExists.c.o  -o cmTC_9d796 -lpthreads 
/usr/bin/ld: cannot find -lpthreads
collect2: error: ld returned 1 exit status
CMakeFiles/cmTC_9d796.dir/build.make:97: recipe for target 'cmTC_9d796' failed
make[1]: *** [cmTC_9d796] Error 1
make[1]: Leaving directory '/home/hanbaek/ros_ws/build/CMakeFiles/CMakeTmp'
Makefile:126: recipe for target 'cmTC_9d796/fast' failed
make: *** [cmTC_9d796/fast] Error 2


Determining if the Q_WS_WIN exist failed with the following output:
Change Dir: /home/hanbaek/ros_ws/build/CMakeFiles/CMakeTmp

Run Build Command:"/usr/bin/make" "cmTC_57296/fast"
/usr/bin/make -f CMakeFiles/cmTC_57296.dir/build.make CMakeFiles/cmTC_57296.dir/build
make[1]: Entering directory '/home/hanbaek/ros_ws/build/CMakeFiles/CMakeTmp'
Building CXX object CMakeFiles/cmTC_57296.dir/CheckSymbolExists.cxx.o
/usr/bin/c++   -I/usr/include/qt4   -o CMakeFiles/cmTC_57296.dir/CheckSymbolExists.cxx.o -c /home/hanbaek/ros_ws/build/CMakeFiles/CMakeTmp/CheckSymbolExists.cxx
/home/hanbaek/ros_ws/build/CMakeFiles/CMakeTmp/CheckSymbolExists.cxx: In function ‘int main(int, char**)’:
/home/hanbaek/ros_ws/build/CMakeFiles/CMakeTmp/CheckSymbolExists.cxx:8:19: error: ‘Q_WS_WIN’ was not declared in this scope
   return ((int*)(&Q_WS_WIN))[argc];
                   ^~~~~~~~
/home/hanbaek/ros_ws/build/CMakeFiles/CMakeTmp/CheckSymbolExists.cxx:8:19: note: suggested alternative: ‘Q_WS_X11’
   return ((int*)(&Q_WS_WIN))[argc];
                   ^~~~~~~~
                   Q_WS_X11
CMakeFiles/cmTC_57296.dir/build.make:65: recipe for target 'CMakeFiles/cmTC_57296.dir/CheckSymbolExists.cxx.o' failed
make[1]: *** [CMakeFiles/cmTC_57296.dir/CheckSymbolExists.cxx.o] Error 1
make[1]: Leaving directory '/home/hanbaek/ros_ws/build/CMakeFiles/CMakeTmp'
Makefile:126: recipe for target 'cmTC_57296/fast' failed
make: *** [cmTC_57296/fast] Error 2

File /home/hanbaek/ros_ws/build/CMakeFiles/CMakeTmp/CheckSymbolExists.cxx:
/* */
#include <QtCore/qglobal.h>

int main(int argc, char** argv)
{
  (void)argv;
#ifndef Q_WS_WIN
  return ((int*)(&Q_WS_WIN))[argc];
#else
  (void)argc;
  return 0;
#endif
}

Determining if the Q_WS_QWS exist failed with the following output:
Change Dir: /home/hanbaek/ros_ws/build/CMakeFiles/CMakeTmp

Run Build Command:"/usr/bin/make" "cmTC_2aa02/fast"
/usr/bin/make -f CMakeFiles/cmTC_2aa02.dir/build.make CMakeFiles/cmTC_2aa02.dir/build
make[1]: Entering directory '/home/hanbaek/ros_ws/build/CMakeFiles/CMakeTmp'
Building CXX object CMakeFiles/cmTC_2aa02.dir/CheckSymbolExists.cxx.o
/usr/bin/c++   -I/usr/include/qt4   -o CMakeFiles/cmTC_2aa02.dir/CheckSymbolExists.cxx.o -c /home/hanbaek/ros_ws/build/CMakeFiles/CMakeTmp/CheckSymbolExists.cxx
/home/hanbaek/ros_ws/build/CMakeFiles/CMakeTmp/CheckSymbolExists.cxx: In function ‘int main(int, char**)’:
/home/hanbaek/ros_ws/build/CMakeFiles/CMakeTmp/CheckSymbolExists.cxx:8:19: error: ‘Q_WS_QWS’ was not declared in this scope
   return ((int*)(&Q_WS_QWS))[argc];
                   ^~~~~~~~
/home/hanbaek/ros_ws/build/CMakeFiles/CMakeTmp/CheckSymbolExists.cxx:8:19: note: suggested alternative: ‘Q_WS_X11’
   return ((int*)(&Q_WS_QWS))[argc];
                   ^~~~~~~~
                   Q_WS_X11
CMakeFiles/cmTC_2aa02.dir/build.make:65: recipe for target 'CMakeFiles/cmTC_2aa02.dir/CheckSymbolExists.cxx.o' failed
make[1]: *** [CMakeFiles/cmTC_2aa02.dir/CheckSymbolExists.cxx.o] Error 1
make[1]: Leaving directory '/home/hanbaek/ros_ws/build/CMakeFiles/CMakeTmp'
Makefile:126: recipe for target 'cmTC_2aa02/fast' failed
make: *** [cmTC_2aa02/fast] Error 2

File /home/hanbaek/ros_ws/build/CMakeFiles/CMakeTmp/CheckSymbolExists.cxx:
/* */
#include <QtCore/qglobal.h>

int main(int argc, char** argv)
{
  (void)argv;
#ifndef Q_WS_QWS
  return ((int*)(&Q_WS_QWS))[argc];
#else
  (void)argc;
  return 0;
#endif
}

Determining if the Q_WS_MAC exist failed with the following output:
Change Dir: /home/hanbaek/ros_ws/build/CMakeFiles/CMakeTmp

Run Build Command:"/usr/bin/make" "cmTC_c0316/fast"
/usr/bin/make -f CMakeFiles/cmTC_c0316.dir/build.make CMakeFiles/cmTC_c0316.dir/build
make[1]: Entering directory '/home/hanbaek/ros_ws/build/CMakeFiles/CMakeTmp'
Building CXX object CMakeFiles/cmTC_c0316.dir/CheckSymbolExists.cxx.o
/usr/bin/c++   -I/usr/include/qt4   -o CMakeFiles/cmTC_c0316.dir/CheckSymbolExists.cxx.o -c /home/hanbaek/ros_ws/build/CMakeFiles/CMakeTmp/CheckSymbolExists.cxx
/home/hanbaek/ros_ws/build/CMakeFiles/CMakeTmp/CheckSymbolExists.cxx: In function ‘int main(int, char**)’:
/home/hanbaek/ros_ws/build/CMakeFiles/CMakeTmp/CheckSymbolExists.cxx:8:19: error: ‘Q_WS_MAC’ was not declared in this scope
   return ((int*)(&Q_WS_MAC))[argc];
                   ^~~~~~~~
/home/hanbaek/ros_ws/build/CMakeFiles/CMakeTmp/CheckSymbolExists.cxx:8:19: note: suggested alternative: ‘Q_WS_X11’
   return ((int*)(&Q_WS_MAC))[argc];
                   ^~~~~~~~
                   Q_WS_X11
CMakeFiles/cmTC_c0316.dir/build.make:65: recipe for target 'CMakeFiles/cmTC_c0316.dir/CheckSymbolExists.cxx.o' failed
make[1]: *** [CMakeFiles/cmTC_c0316.dir/CheckSymbolExists.cxx.o] Error 1
make[1]: Leaving directory '/home/hanbaek/ros_ws/build/CMakeFiles/CMakeTmp'
Makefile:126: recipe for target 'cmTC_c0316/fast' failed
make: *** [cmTC_c0316/fast] Error 2

File /home/hanbaek/ros_ws/build/CMakeFiles/CMakeTmp/CheckSymbolExists.cxx:
/* */
#include <QtCore/qglobal.h>

int main(int argc, char** argv)
{
  (void)argv;
#ifndef Q_WS_MAC
  return ((int*)(&Q_WS_MAC))[argc];
#else
  (void)argc;
  return 0;
#endif
}

